<?xml version="1.0" encoding="UTF-8" standalone="no"?>
<testsuite errors="0" failures="0" name="io.cucumber.core.plugin.JUnitFormatter" skipped="0" tests="2" time="0.765">
    <testcase classname="Amazon order page" name="Check previous orders" time="0.193">
        <system-out><![CDATA[Given a registered user exists..............................................passed
Given user is on the Amazon login page......................................passed
Then user enters username and password......................................passed
Then user clicks on the login button........................................passed
And user is on the account home page........................................passed
And user navigates to the order page........................................passed
When user clicks on the previuos order link.................................passed
Then user checks the previous order details.................................passed
]]></system-out>
    </testcase>
    <testcase classname="Amazon order page" name="check open order details" time="0.029">
        <system-out><![CDATA[Given a registered user exists..............................................passed
Given user is on the Amazon login page......................................passed
Then user enters username and password......................................passed
Then user clicks on the login button........................................passed
And user is on the account home page........................................passed
And user navigates to the order page........................................passed
When user clicks on the open order link.....................................passed
Then user checks the open order details.....................................passed
]]></system-out>
    </testcase>
</testsuite>
