<?xml version="1.0" encoding="UTF-8" standalone="no"?>
<testsuite errors="0" failures="1" name="io.cucumber.core.plugin.JUnitFormatter" skipped="0" tests="2" time="53.878">
    <testcase classname="FreeCrm login Feature" name="FreeCrm login functionality Testing Scenario" time="31.859">
        <system-out><![CDATA[Given user is present on the first page of the website......................passed
When title on the first page is Free CRM....................................passed
Then user clicks on login option............................................passed
Then user enters "bhupeshrgh@gmail.com" and "Bhupesh@123"...................passed
Then user clicks on login button............................................passed
Then user is on the home page...............................................passed
Then close the browser......................................................passed
]]></system-out>
    </testcase>
    <testcase classname="FreeCrm login Feature" name="FreeCrm login functionality Testing Scenario 2" time="21.532">
        <failure message="Unable to locate element: //span[text()='Bhupesh Gupta']&#10;For documentation on this error, please visit: https://selenium.dev/exceptions/#no_such_element&#10;Build info: version: '4.0.0', revision: '3a21814679'&#10;System info: host: 'LAPTOP-SUKV6OAG', ip: '192.168.1.3', os.name: 'Windows 10', os.arch: 'amd64', os.version: '10.0', java.version: '17.0.1'&#10;Driver info: org.openqa.selenium.firefox.FirefoxDriver&#10;Command: [57fce5a8-7c6c-408f-b6d1-77ddece5dc36, findElement {using=xpath, value=//span[text()='Bhupesh Gupta']}]&#10;Capabilities {acceptInsecureCerts: true, browserName: firefox, browserVersion: 97.0.1, javascriptEnabled: true, moz:accessibilityChecks: false, moz:buildID: 20220216172458, moz:debuggerAddress: localhost:63974, moz:geckodriverVersion: 0.30.0, moz:headless: false, moz:processID: 15068, moz:profile: C:\Users\hp\AppData\Local\T..., moz:shutdownTimeout: 60000, moz:useNonSpecCompliantPointerOrigin: false, moz:webdriverClick: true, pageLoadStrategy: normal, platform: WINDOWS, platformName: WINDOWS, platformVersion: 10.0, proxy: Proxy(), se:cdp: ws://localhost:63974/devtoo..., se:cdpVersion: 85, setWindowRect: true, strictFileInteractability: false, timeouts: {implicit: 0, pageLoad: 300000, script: 30000}, unhandledPromptBehavior: dismiss and notify}&#10;Session ID: 57fce5a8-7c6c-408f-b6d1-77ddece5dc36" type="org.openqa.selenium.NoSuchElementException"><![CDATA[Given user is present on the first page of the website......................passed
When title on the first page is Free CRM....................................passed
Then user clicks on login option............................................passed
Then user enters "bhupesh@gmail.com" and "Bhupesh@".........................passed
Then user clicks on login button............................................passed
Then user is on the home page...............................................failed
Then close the browser......................................................skipped

StackTrace:
org.openqa.selenium.NoSuchElementException: Unable to locate element: //span[text()='Bhupesh Gupta']
For documentation on this error, please visit: https://selenium.dev/exceptions/#no_such_element
Build info: version: '4.0.0', revision: '3a21814679'
System info: host: 'LAPTOP-SUKV6OAG', ip: '192.168.1.3', os.name: 'Windows 10', os.arch: 'amd64', os.version: '10.0', java.version: '17.0.1'
Driver info: org.openqa.selenium.firefox.FirefoxDriver
Command: [57fce5a8-7c6c-408f-b6d1-77ddece5dc36, findElement {using=xpath, value=//span[text()='Bhupesh Gupta']}]
Capabilities {acceptInsecureCerts: true, browserName: firefox, browserVersion: 97.0.1, javascriptEnabled: true, moz:accessibilityChecks: false, moz:buildID: 20220216172458, moz:debuggerAddress: localhost:63974, moz:geckodriverVersion: 0.30.0, moz:headless: false, moz:processID: 15068, moz:profile: C:\Users\hp\AppData\Local\T..., moz:shutdownTimeout: 60000, moz:useNonSpecCompliantPointerOrigin: false, moz:webdriverClick: true, pageLoadStrategy: normal, platform: WINDOWS, platformName: WINDOWS, platformVersion: 10.0, proxy: Proxy(), se:cdp: ws://localhost:63974/devtoo..., se:cdpVersion: 85, setWindowRect: true, strictFileInteractability: false, timeouts: {implicit: 0, pageLoad: 300000, script: 30000}, unhandledPromptBehavior: dismiss and notify}
Session ID: 57fce5a8-7c6c-408f-b6d1-77ddece5dc36
	at java.base/jdk.internal.reflect.NativeConstructorAccessorImpl.newInstance0(Native Method)
	at java.base/jdk.internal.reflect.NativeConstructorAccessorImpl.newInstance(NativeConstructorAccessorImpl.java:77)
	at java.base/jdk.internal.reflect.DelegatingConstructorAccessorImpl.newInstance(DelegatingConstructorAccessorImpl.java:45)
	at java.base/java.lang.reflect.Constructor.newInstanceWithCaller(Constructor.java:499)
	at java.base/java.lang.reflect.Constructor.newInstance(Constructor.java:480)
	at org.openqa.selenium.remote.codec.w3c.W3CHttpResponseCodec.createException(W3CHttpResponseCodec.java:200)
	at org.openqa.selenium.remote.codec.w3c.W3CHttpResponseCodec.decode(W3CHttpResponseCodec.java:133)
	at org.openqa.selenium.remote.codec.w3c.W3CHttpResponseCodec.decode(W3CHttpResponseCodec.java:53)
	at org.openqa.selenium.remote.HttpCommandExecutor.execute(HttpCommandExecutor.java:184)
	at org.openqa.selenium.remote.service.DriverCommandExecutor.invokeExecute(DriverCommandExecutor.java:164)
	at org.openqa.selenium.remote.service.DriverCommandExecutor.execute(DriverCommandExecutor.java:139)
	at org.openqa.selenium.remote.RemoteWebDriver.execute(RemoteWebDriver.java:559)
	at org.openqa.selenium.remote.ElementLocation$ElementFinder$2.findElement(ElementLocation.java:162)
	at org.openqa.selenium.remote.ElementLocation.findElement(ElementLocation.java:60)
	at org.openqa.selenium.remote.RemoteWebDriver.findElement(RemoteWebDriver.java:383)
	at org.openqa.selenium.remote.RemoteWebDriver.findElement(RemoteWebDriver.java:375)
	at com.stepdefinition.LoginStepDefinition.user_is_on_the_home_page(LoginStepDefinition.java:69)
	at ✽.user is on the home page(file:///C:/Users/hp/eclipse-workspace/FreeCrmBDDFramework/src/test/java/com/features/userLogin.feature:22)
]]></failure>
    </testcase>
</testsuite>
