<?xml version="1.0" encoding="UTF-8" standalone="no"?>
<testsuite errors="0" failures="0" name="io.cucumber.core.plugin.JUnitFormatter" skipped="0" tests="1" time="41.357">
    <testcase classname="Create new contacts" name="Add new contact to the registered user" time="40.946">
        <system-out><![CDATA[Given user is present on the first page of the website......................passed
Then user clicks on login option............................................passed
Then user enters "bhupeshrgh@gmail.com" and "Bhupesh@123"...................passed
Then user clicks on login button............................................passed
Given user is on the create new contact page................................passed
Then user enters all the following details..................................passed
Then user clicks on save button.............................................passed
]]></system-out>
    </testcase>
</testsuite>
